Build started 20-Oct-18 12:17:36 AM.
     1>Project "C:\Users\Rajat Hedav\Desktop\PO\Data Structure\Singly_Linear\Singly_Linear_LL\Singly_Linear_LL\Singly_Linear_LL.vcxproj" on node 2 (build target(s)).
     1>InitializeBuildStatus:
         Creating "Debug\Singly_Linear_LL.unsuccessfulbuild" because "AlwaysCreate" was specified.
       ClCompile:
         All outputs are up-to-date.
       ManifestResourceCompile:
         All outputs are up-to-date.
       Link:
         c:\Program Files (x86)\Microsoft Visual Studio 10.0\VC\bin\link.exe /ERRORREPORT:PROMPT /OUT:"C:\Users\Rajat Hedav\Desktop\PO\Data Structure\Singly_Linear\Singly_Linear_LL\Debug\Singly_Linear_LL.exe" /INCREMENTAL /NOLOGO kernel32.lib user32.lib gdi32.lib winspool.lib comdlg32.lib advapi32.lib shell32.lib ole32.lib oleaut32.lib uuid.lib odbc32.lib odbccp32.lib /MANIFEST /ManifestFile:"Debug\Singly_Linear_LL.exe.intermediate.manifest" /MANIFESTUAC:"level='asInvoker' uiAccess='false'" /DEBUG /PDB:"C:\Users\Rajat Hedav\Desktop\PO\Data Structure\Singly_Linear\Singly_Linear_LL\Debug\Singly_Linear_LL.pdb" /SUBSYSTEM:CONSOLE /TLBID:1 /DYNAMICBASE /NXCOMPAT /IMPLIB:"C:\Users\Rajat Hedav\Desktop\PO\Data Structure\Singly_Linear\Singly_Linear_LL\Debug\Singly_Linear_LL.lib" /MACHINE:X86 Debug\Singly_Linear_LL.exe.embed.manifest.res
         Debug\Mainfile.obj
       Manifest:
         C:\Program Files (x86)\Microsoft SDKs\Windows\v7.0A\bin\mt.exe /nologo /verbose /out:"Debug\Singly_Linear_LL.exe.embed.manifest" /manifest Debug\Singly_Linear_LL.exe.intermediate.manifest
         All outputs are up-to-date.
       LinkEmbedManifest:
         All outputs are up-to-date.
         Singly_Linear_LL.vcxproj -> C:\Users\Rajat Hedav\Desktop\PO\Data Structure\Singly_Linear\Singly_Linear_LL\Debug\Singly_Linear_LL.exe
       FinalizeBuildStatus:
         Deleting file "Debug\Singly_Linear_LL.unsuccessfulbuild".
         Touching "Debug\Singly_Linear_LL.lastbuildstate".
     1>Done Building Project "C:\Users\Rajat Hedav\Desktop\PO\Data Structure\Singly_Linear\Singly_Linear_LL\Singly_Linear_LL\Singly_Linear_LL.vcxproj" (build target(s)).

Build succeeded.

Time Elapsed 00:00:01.22
