C:\USERS\RAJAT HEDAV\DESKTOP\PO\DATA STRUCTURE\SINGLY_LINEAR\SINGLY_LINEAR_LL\DEBUG\SINGLY_LINEAR_LL.EXE
C:\USERS\RAJAT HEDAV\DESKTOP\PO\DATA STRUCTURE\SINGLY_LINEAR\SINGLY_LINEAR_LL\DEBUG\SINGLY_LINEAR_LL.ILK
C:\USERS\RAJAT HEDAV\DESKTOP\PO\DATA STRUCTURE\SINGLY_LINEAR\SINGLY_LINEAR_LL\DEBUG\SINGLY_LINEAR_LL.PDB
C:\Users\Rajat Hedav\Desktop\PO\Data Structure\Singly_Linear\Singly_Linear_LL\Singly_Linear_LL\Debug\cl.command.1.tlog
C:\Users\Rajat Hedav\Desktop\PO\Data Structure\Singly_Linear\Singly_Linear_LL\Singly_Linear_LL\Debug\CL.read.1.tlog
C:\Users\Rajat Hedav\Desktop\PO\Data Structure\Singly_Linear\Singly_Linear_LL\Singly_Linear_LL\Debug\CL.write.1.tlog
C:\Users\Rajat Hedav\Desktop\PO\Data Structure\Singly_Linear\Singly_Linear_LL\Singly_Linear_LL\Debug\link.6900.read.1.tlog
C:\Users\Rajat Hedav\Desktop\PO\Data Structure\Singly_Linear\Singly_Linear_LL\Singly_Linear_LL\Debug\link.6900.write.1.tlog
C:\Users\Rajat Hedav\Desktop\PO\Data Structure\Singly_Linear\Singly_Linear_LL\Singly_Linear_LL\Debug\link.6900-cvtres.read.1.tlog
C:\Users\Rajat Hedav\Desktop\PO\Data Structure\Singly_Linear\Singly_Linear_LL\Singly_Linear_LL\Debug\link.6900-cvtres.write.1.tlog
C:\Users\Rajat Hedav\Desktop\PO\Data Structure\Singly_Linear\Singly_Linear_LL\Singly_Linear_LL\Debug\link.command.1.tlog
C:\Users\Rajat Hedav\Desktop\PO\Data Structure\Singly_Linear\Singly_Linear_LL\Singly_Linear_LL\Debug\link.read.1.tlog
C:\Users\Rajat Hedav\Desktop\PO\Data Structure\Singly_Linear\Singly_Linear_LL\Singly_Linear_LL\Debug\link.write.1.tlog
C:\Users\Rajat Hedav\Desktop\PO\Data Structure\Singly_Linear\Singly_Linear_LL\Singly_Linear_LL\Debug\link-cvtres.read.1.tlog
C:\Users\Rajat Hedav\Desktop\PO\Data Structure\Singly_Linear\Singly_Linear_LL\Singly_Linear_LL\Debug\link-cvtres.write.1.tlog
C:\USERS\RAJAT HEDAV\DESKTOP\PO\DATA STRUCTURE\SINGLY_LINEAR\SINGLY_LINEAR_LL\SINGLY_LINEAR_LL\DEBUG\MAINFILE.OBJ
C:\Users\Rajat Hedav\Desktop\PO\Data Structure\Singly_Linear\Singly_Linear_LL\Singly_Linear_LL\Debug\mt.command.1.tlog
C:\Users\Rajat Hedav\Desktop\PO\Data Structure\Singly_Linear\Singly_Linear_LL\Singly_Linear_LL\Debug\mt.read.1.tlog
C:\Users\Rajat Hedav\Desktop\PO\Data Structure\Singly_Linear\Singly_Linear_LL\Singly_Linear_LL\Debug\mt.write.1.tlog
C:\Users\Rajat Hedav\Desktop\PO\Data Structure\Singly_Linear\Singly_Linear_LL\Singly_Linear_LL\Debug\rc.command.1.tlog
C:\Users\Rajat Hedav\Desktop\PO\Data Structure\Singly_Linear\Singly_Linear_LL\Singly_Linear_LL\Debug\rc.read.1.tlog
C:\Users\Rajat Hedav\Desktop\PO\Data Structure\Singly_Linear\Singly_Linear_LL\Singly_Linear_LL\Debug\rc.write.1.tlog
C:\USERS\RAJAT HEDAV\DESKTOP\PO\DATA STRUCTURE\SINGLY_LINEAR\SINGLY_LINEAR_LL\SINGLY_LINEAR_LL\DEBUG\SINGLY_LINEAR_LL.EXE.EMBED.MANIFEST
C:\USERS\RAJAT HEDAV\DESKTOP\PO\DATA STRUCTURE\SINGLY_LINEAR\SINGLY_LINEAR_LL\SINGLY_LINEAR_LL\DEBUG\SINGLY_LINEAR_LL.EXE.EMBED.MANIFEST.RES
C:\USERS\RAJAT HEDAV\DESKTOP\PO\DATA STRUCTURE\SINGLY_LINEAR\SINGLY_LINEAR_LL\SINGLY_LINEAR_LL\DEBUG\SINGLY_LINEAR_LL.EXE.INTERMEDIATE.MANIFEST
C:\Users\Rajat Hedav\Desktop\PO\Data Structure\Singly_Linear\Singly_Linear_LL\Singly_Linear_LL\Debug\Singly_Linear_LL.vcxprojResolveAssemblyReference.cache
C:\Users\Rajat Hedav\Desktop\PO\Data Structure\Singly_Linear\Singly_Linear_LL\Singly_Linear_LL\Debug\Singly_Linear_LL.write.1.tlog
C:\Users\Rajat Hedav\Desktop\PO\Data Structure\Singly_Linear\Singly_Linear_LL\Singly_Linear_LL\Debug\Singly_Linear_LL_manifest.rc
C:\Users\Rajat Hedav\Desktop\PO\Data Structure\Singly_Linear\Singly_Linear_LL\Singly_Linear_LL\Debug\vc100.idb
C:\USERS\RAJAT HEDAV\DESKTOP\PO\DATA STRUCTURE\SINGLY_LINEAR\SINGLY_LINEAR_LL\SINGLY_LINEAR_LL\DEBUG\VC100.PDB
